
 ***********************
 * BABSMA version 20.1 *
 ***********************

 Babsma.f HI k,edge(k)           2   3647.0008206568491     
 Babsma.f HI k,edge(k)           3   8207.0035545063820     
 Babsma.f HI k,edge(k)           4   14588.002834593892     
 Babsma.f HI k,edge(k)           5   22794.000047787813     
 Babsma.f HI k,edge(k)           6   32915.002767557271     
 LAMBDA_MIN:4000
 LAMBDA_MAX:8000
 LAMBDA_STEP:0.1
 MODELINPUT:/Users/mjablons/Documents/Turbospectrum_NLTE/input_files/model_atmospheres/1D/marcs_standard_comp/marcs_standard_comp/p2500_g+3.0_m0.0_t01_st_z+0.00_a+0.00_c+0.00_n+0.00_o+0.00_r+0.00_s+0.00.mod
 MARCS-FILE:.true.
 MODELOPAC:/Users/mjablons/Documents/Turbospectrum_NLTE/COM/contopac/p2500_g+3.0_m0.0_t01_st_z+0.00_a+0.00_c+0.00_n+0.00_o+0.00_r+0.00_s+0.00opac
 ABUND_SOURCE:magg
 METALLICITY:0.0
 ALPHA/Fe   :0.00
 HELIUM     :0.00
 R-PROCESS  :0.00
 S-PROCESS  :0.00
 INDIVIDUAL ABUNDANCES:0
 XIFIX:T
 Following atomic species included in molecular equilibrium:
 H  He Li Be B  C  N  O  F  Ne 
 Na Mg Al Si P  S  Cl Ar K  Ca 
 Sc Ti V  Cr Mn Fe Co Ni Cu Zn 
 Ga Ge As Se Br Kr Rb Sr Y  Zr 
 Nb Mo Tc Ru Rh Pd Ag Cd In Sn 
 Sb Te I  Xe Cs Ba La Ce Pr Nd 
 Pm Sm Eu Gd Tb Dy Ho Er Tm Yb 
 Lu Hf Ta W  Re Os Ir Pt Au Hg 
 Tl Pb Bi Po At Rn Fr Ra Ac Th 
 Pa U                          
        4101  wavelengths for continuum between:    4000.00000      and    8100.00000    
 babsma callinbg makeabudmagg        
 Abundance is scaled from Magg et al. 2022
 metallicity changed by    0.00000000      dex
 opened unformatted
 read record 1
 iostat=           0
 read record 2
 iostat=          -1
 mocodep2500_g+3.0_m0.0_t01_st_z+0.00_a+0.00_c+0.00_n+0.0
 MARCS model format is ascii     
 p2500_g+3.0_m0.0_t01_st_z+0.00_a+0.00_c+0.00_n+0.0
 This model seems to be an ascii MARCS model
  this model is PLANE PARALLEL
 Beware !! Lambda standard assumed to be 5000 A
  Make sure it is consistent with the model
 injon; after inquire, model format (marcsformat) is: FORMATTED                     
 UTPUT:          11           7
 WARNING! we do not use the model abundances!!!
 adopted abundances: 
   12.0000000       10.9300003       8.56000042       7.98000002       8.77000046       8.14999962       6.32999992       7.57999992       6.48000002       7.56699991       7.21000004       5.11999989       6.32000017       5.69000006       7.51000023       6.25000000       3.08999991       4.96000004       4.01000023       5.53000021       4.92000008    
 inabs done
 ELEMENT  ATOMIC NUMBER   LOG(ABUNDANCE)
     H             1       12.000
     He            2       10.930
     Li            3        1.050
     Be            4        1.380
     B             5        2.700
     C             6        8.560
     N             7        7.980
     O             8        8.770
     F             9        4.670
     Ne           10        8.150
     Na           11        6.330
     Mg           12        7.580
     Al           13        6.480
     Si           14        7.567
     P            15        5.480
     S            16        7.210
     Cl           17        5.290
     Ar           18        6.500
     K            19        5.120
     Ca           20        6.320
     Sc           21        3.090
     Ti           22        4.960
     V            23        4.010
     Cr           24        5.690
     Mn           25        5.530
     Fe           26        7.510
     Co           27        4.920
     Ni           28        6.250
     Cu           29        4.210
     Zn           30        4.600
     Ga           31        2.880
     Ge           32        3.580
     As           33        2.290
     Se           34        3.330
     Br           35        2.560
     Kr           36        3.250
     Rb           37        2.600
     Sr           38        2.920
     Y            39        2.210
     Zr           40        2.580
     Nb           41        1.420
     Mo           42        1.920
     Ru           44        1.840
     Rh           45        1.120
     Pd           46        1.660
     Ag           47        0.940
     Cd           48        1.770
     In           49        1.600
     Sn           50        2.000
     Sb           51        1.000
     Te           52        2.190
     I            53        1.510
     Xe           54        2.240
     Cs           55        1.070
     Ba           56        2.170
     La           57        1.130
     Ce           58        1.700
     Pr           59        0.580
     Nd           60        1.450
     Sm           62        1.000
     Eu           63        0.520
     Gd           64        1.110
     Tb           65        0.280
     Dy           66        1.140
     Ho           67        0.510
     Er           68        0.930
     Tm           69        0.000
     Yb           70        1.080
     Lu           71        0.060
     Hf           72        0.880
     Ta           73       -0.170
     W            74        1.110
     Re           75        0.230
     Os           76        1.250
     Ir           77        1.380
     Pt           78        1.640
     Au           79        1.010
     Hg           80        1.130
     Tl           81        0.900
     Pb           82        2.000
     Bi           83        0.650
     Th           90        0.060
     U            92       -0.520
 MOLECPARTF. suppressing:         206  LaH                 (unknown D00)
 MOLECPARTF. suppressing:         209  LuH                 (unknown D00)
 MOLECPARTF. suppressing:         212  NbN                 (unknown D00)
 MOLECPARTF. suppressing:         231  SbH                 (unknown D00)
 MOLECPARTF. suppressing:         252  TeCl                (unknown D00)
 MOLECPARTF. suppressing:         267  Al+ H               (unknown D00)
 MOLECPARTF. suppressing:         267  As+ O               (unknown D00)
 MOLECPARTF. suppressing:         269  B + O               (unknown D00)
 H- electron affinity will be changed by -2dxi
  data may be added in IRWIN_molecule file
  to update older data from Tsuji
 using Tsuji's old data for C C C H             
 using Tsuji's old data for C C N               
 using Tsuji's old data for B B O               
 using Tsuji's old data for C -                 
 using Tsuji's old data for C H -               
 using Tsuji's old data for N O O -             
 using Tsuji's old data for N H H -             
 using Tsuji's old data for N N H H             
 using Tsuji's old data for N N H H H H         
 using Tsuji's old data for C N N               
 using Tsuji's old data for N C N               
 using Tsuji's old data for C C C C N N         
 using Tsuji's old data for N O O               
 using Tsuji's old data for N O O O             
 using Tsuji's old data for N N O               
 using Tsuji's old data for N N O O O O         
 using Tsuji's old data for H N O               
 using Tsuji's old data for H N O O             
 using Tsuji's old data for H N O O O           
 using Tsuji's old data for H C N O             
 using Tsuji's old data for O -                 
 using Tsuji's old data for O O -               
 using Tsuji's old data for H C H O             
 using Tsuji's old data for AlO O               
 using Tsuji's old data for Si-                 
 using Tsuji's old data for SiH H               
 using Tsuji's old data for SiH H H             
 using Tsuji's old data for SiSiC C             
 using Tsuji's old data for SiF F               
 using Tsuji's old data for SiClCl              
 using Tsuji's old data for P F F               
 using Tsuji's old data for S S O               
 using Tsuji's old data for S O O O             
 using Tsuji's old data for C ClCl              
 using Tsuji's old data for C ClClCl            
 using Tsuji's old data for C ClClClCl          
 using Tsuji's old data for ClO O               
 using Tsuji's old data for ClClO               
 using Tsuji's old data for S Cl                
 using Tsuji's old data for S ClCl              
 using Tsuji's old data for H ClO               
 using Tsuji's old data for C ClO               
 using Tsuji's old data for ScSc                
 using Tsuji's old data for ScN                 
 using Tsuji's old data for ScO O               
 using Tsuji's old data for ScScO               
 using Tsuji's old data for TiC C               
 using Tsuji's old data for TiF                 
 using Tsuji's old data for TiCl                
 using Tsuji's old data for V C C               
 using Tsuji's old data for V N                 
 using Tsuji's old data for V F F               
 using Tsuji's old data for V ClCl              
 using Tsuji's old data for CrN                 
 using Tsuji's old data for CrF                 
 using Tsuji's old data for CrF F               
 using Tsuji's old data for CrCl                
 using Tsuji's old data for CrClCl              
 using Tsuji's old data for MnO O               
 using Tsuji's old data for MnS S               
 using Tsuji's old data for MnF F               
 using Tsuji's old data for MnClCl              
 using Tsuji's old data for FeS                 
 using Tsuji's old data for FeF F               
 using Tsuji's old data for SrSrO               
 using Tsuji's old data for Y C C               
 using Tsuji's old data for Y C C C C           
 using Tsuji's old data for Y O O               
 using Tsuji's old data for Y Y O               
 using Tsuji's old data for Y F F               
 using Tsuji's old data for ZrH                 
 using Tsuji's old data for ZrC C               
 using Tsuji's old data for ZrS                 
 using Tsuji's old data for ZrF                 
 using Tsuji's old data for ZrCl                
 using Tsuji's old data for BaBaO               
 using Tsuji's old data for LaC C               
 using Tsuji's old data for LaN                 
 using Tsuji's old data for LaO O               
 using Tsuji's old data for LaLaO               
 using Tsuji's old data for LaLaO O             
 using Tsuji's old data for LaF F               
 using Tsuji's old data for CeC C               
 using Tsuji's old data for CeO O               
 using Tsuji's old data for CeS                 
 using Tsuji's old data for CeF                 
 using Tsuji's old data for NdC C               
 using Tsuji's old data for NdO                 
 using Tsuji's old data for NdO O               
 using Tsuji's old data for NdF                 
 using Tsuji's old data for NdF F               
 using Tsuji's old data for N N N H             
 using Tsuji's old data for C C H H H H H H     
 using Tsuji's old data for H C C C N           
 using Tsuji's old data for C C C C C H         
 using Tsuji's old data for C C H H H           
 using Tsuji's old data for C C C C H H H       
 using Tsuji's old data for C C C C H H H H     
 using Tsuji's old data for C C C C H           
 using Tsuji's old data for C C C C H H         
 using Tsuji's old data for C C C H H H         
 using Tsuji's old data for C C C H H           
 using Tsuji's old data for C C C C N           
 using Tsuji's old data for C H H H C N         
 using Tsuji's old data for C C C H H H H       
 using Tsuji's old data for C C C N             
 Atomic partition function data read
 MARCS model. romod=    0.00000000     rocalc=    2.54501309E-10
 H-      
  H      
 FeI     
 (H+H)   
 H2+     
 H2-     
 HeI     
 HeIff  P
 He-     
 C_I     
 C_II    
 C_Iff   
 CIIff  P
 C-      
 N_I     
 N_II    
 N-      
 O_I     
 O_II    
 O-      
 CO-     
 H2O-    
 MgI    P
 MgII   O
 AlI    O
 AlII   O
 SiI    P
 SiII   O
 CaI   bf
 CaII   O
 FeII    
 CHcont  
 OHcont  
 MgIff  P
 SiIff  P
 MeIff  O
 H2+H2   
 He+H2   
 H2+H    
 He+H    
 e-sc    
 H-sc    
 H2sc    
 He-sc   
DATA/NHcont_Stancil_2019.dat
tau,T,Pe,Pg,ro,P6   1  4.095E-06   1326.8  4.333E-08  1.190E+01  2.545E-10  9.358E+00
 MARCS model. romod=    0.00000000     rocalc=    3.80777687E-10
tau,T,Pe,Pg,ro,P6   2  6.297E-06   1358.5  8.590E-08  1.823E+01  3.808E-10  1.434E+01
 MARCS model. romod=    0.00000000     rocalc=    5.42972722E-10
tau,T,Pe,Pg,ro,P6   3  9.226E-06   1392.3  1.676E-07  2.665E+01  5.430E-10  2.096E+01
 MARCS model. romod=    0.00000000     rocalc=    7.52013174E-10
tau,T,Pe,Pg,ro,P6   4  1.314E-05   1426.7  3.174E-07  3.783E+01  7.520E-10  2.975E+01
 MARCS model. romod=    0.00000000     rocalc=    1.02678510E-09
tau,T,Pe,Pg,ro,P6   5  1.842E-05   1461.8  5.889E-07  5.293E+01  1.027E-09  4.163E+01
 MARCS model. romod=    0.00000000     rocalc=    1.38863232E-09
tau,T,Pe,Pg,ro,P6   6  2.557E-05   1497.7  1.074E-06  7.335E+01  1.389E-09  5.770E+01
 MARCS model. romod=    0.00000000     rocalc=    1.86950122E-09
tau,T,Pe,Pg,ro,P6   7  3.534E-05   1534.4  1.930E-06  1.012E+02  1.870E-09  7.962E+01
 MARCS model. romod=    0.00000000     rocalc=    2.50603938E-09
tau,T,Pe,Pg,ro,P6   8  4.872E-05   1572.1  3.424E-06  1.390E+02  2.506E-09  1.094E+02
 MARCS model. romod=    0.00000000     rocalc=    3.36098149E-09
tau,T,Pe,Pg,ro,P6   9  6.714E-05   1610.8  6.012E-06  1.912E+02  3.361E-09  1.504E+02
 MARCS model. romod=    0.00000000     rocalc=    4.50304993E-09
tau,T,Pe,Pg,ro,P6  10  9.258E-05   1650.8  1.046E-05  2.626E+02  4.503E-09  2.067E+02
 MARCS model. romod=    0.00000000     rocalc=    6.04835337E-09
tau,T,Pe,Pg,ro,P6  11  1.278E-04   1692.2  1.806E-05  3.619E+02  6.048E-09  2.849E+02
 MARCS model. romod=    0.00000000     rocalc=    6.99910219E-09
tau,T,Pe,Pg,ro,P6  12  1.502E-04   1713.6  2.368E-05  4.242E+02  6.999E-09  3.341E+02
 MARCS model. romod=    0.00000000     rocalc=    8.10487144E-09
tau,T,Pe,Pg,ro,P6  13  1.767E-04   1735.5  3.100E-05  4.977E+02  8.105E-09  3.921E+02
 MARCS model. romod=    0.00000000     rocalc=    9.39869427E-09
tau,T,Pe,Pg,ro,P6  14  2.079E-04   1757.9  4.057E-05  5.850E+02  9.399E-09  4.609E+02
 MARCS model. romod=    0.00000000     rocalc=    1.08771196E-08
tau,T,Pe,Pg,ro,P6  15  2.449E-04   1781.1  5.306E-05  6.863E+02  1.088E-08  5.410E+02
 MARCS model. romod=    0.00000000     rocalc=    1.25915518E-08
tau,T,Pe,Pg,ro,P6  16  2.887E-04   1805.0  6.938E-05  8.057E+02  1.259E-08  6.353E+02
 MARCS model. romod=    0.00000000     rocalc=    1.45757362E-08
tau,T,Pe,Pg,ro,P6  17  3.406E-04   1829.7  9.072E-05  9.462E+02  1.458E-08  7.463E+02
 MARCS model. romod=    0.00000000     rocalc=    1.68688121E-08
tau,T,Pe,Pg,ro,P6  18  4.023E-04   1855.3  1.187E-04  1.111E+03  1.687E-08  8.770E+02
 MARCS model. romod=    0.00000000     rocalc=    1.94764240E-08
tau,T,Pe,Pg,ro,P6  19  4.756E-04   1882.1  1.553E-04  1.303E+03  1.948E-08  1.029E+03
 MARCS model. romod=    0.00000000     rocalc=    2.24925660E-08
tau,T,Pe,Pg,ro,P6  20  5.629E-04   1910.0  2.035E-04  1.529E+03  2.249E-08  1.208E+03
 MARCS model. romod=    0.00000000     rocalc=    2.58995509E-08
tau,T,Pe,Pg,ro,P6  21  6.673E-04   1939.5  2.673E-04  1.791E+03  2.590E-08  1.415E+03
 MARCS model. romod=    0.00000000     rocalc=    2.97819582E-08
tau,T,Pe,Pg,ro,P6  22  7.923E-04   1970.7  3.523E-04  2.096E+03  2.978E-08  1.658E+03
 MARCS model. romod=    0.00000000     rocalc=    3.41449642E-08
tau,T,Pe,Pg,ro,P6  23  9.432E-04   2004.4  4.674E-04  2.449E+03  3.414E-08  1.940E+03
 MARCS model. romod=    0.00000000     rocalc=    3.87844139E-08
tau,T,Pe,Pg,ro,P6  24  1.126E-03   2044.9  6.369E-04  2.848E+03  3.878E-08  2.258E+03
 MARCS model. romod=    0.00000000     rocalc=    4.37719940E-08
tau,T,Pe,Pg,ro,P6  25  1.350E-03   2088.6  8.746E-04  3.297E+03  4.377E-08  2.619E+03
 MARCS model. romod=    0.00000000     rocalc=    4.93239085E-08
tau,T,Pe,Pg,ro,P6  26  1.630E-03   2132.4  1.195E-03  3.811E+03  4.932E-08  3.035E+03
 MARCS model. romod=    0.00000000     rocalc=    5.54995339E-08
tau,T,Pe,Pg,ro,P6  27  1.987E-03   2176.7  1.631E-03  4.403E+03  5.550E-08  3.515E+03
 MARCS model. romod=    0.00000000     rocalc=    6.24489047E-08
tau,T,Pe,Pg,ro,P6  28  2.454E-03   2221.3  2.223E-03  5.088E+03  6.245E-08  4.073E+03
 MARCS model. romod=    0.00000000     rocalc=    7.03608336E-08
tau,T,Pe,Pg,ro,P6  29  3.082E-03   2266.4  3.027E-03  5.892E+03  7.036E-08  4.732E+03
 MARCS model. romod=    0.00000000     rocalc=    7.94271031E-08
tau,T,Pe,Pg,ro,P6  30  3.950E-03   2311.8  4.115E-03  6.840E+03  7.943E-08  5.512E+03
 MARCS model. romod=    0.00000000     rocalc=    8.96472585E-08
tau,T,Pe,Pg,ro,P6  31  5.176E-03   2357.7  5.573E-03  7.944E+03  8.965E-08  6.427E+03
 MARCS model. romod=    0.00000000     rocalc=    1.01392516E-07
tau,T,Pe,Pg,ro,P6  32  6.942E-03   2403.8  7.513E-03  9.250E+03  1.014E-07  7.514E+03
 MARCS model. romod=    0.00000000     rocalc=    1.14752105E-07
tau,T,Pe,Pg,ro,P6  33  9.521E-03   2450.1  1.007E-02  1.078E+04  1.148E-07  8.797E+03
 MARCS model. romod=    0.00000000     rocalc=    1.29948717E-07
tau,T,Pe,Pg,ro,P6  34  1.331E-02   2496.6  1.340E-02  1.258E+04  1.299E-07  1.031E+04
 MARCS model. romod=    0.00000000     rocalc=    1.47153756E-07
tau,T,Pe,Pg,ro,P6  35  1.891E-02   2543.2  1.768E-02  1.469E+04  1.472E-07  1.209E+04
 MARCS model. romod=    0.00000000     rocalc=    1.66521133E-07
tau,T,Pe,Pg,ro,P6  36  2.716E-02   2590.0  2.316E-02  1.714E+04  1.665E-07  1.418E+04
 MARCS model. romod=    0.00000000     rocalc=    1.88403476E-07
tau,T,Pe,Pg,ro,P6  37  3.927E-02   2636.8  3.007E-02  1.999E+04  1.884E-07  1.662E+04
 MARCS model. romod=    0.00000000     rocalc=    2.13114404E-07
tau,T,Pe,Pg,ro,P6  38  5.694E-02   2683.6  3.873E-02  2.332E+04  2.131E-07  1.949E+04
 MARCS model. romod=    0.00000000     rocalc=    2.40803587E-07
tau,T,Pe,Pg,ro,P6  39  8.253E-02   2730.5  4.947E-02  2.717E+04  2.408E-07  2.282E+04
 MARCS model. romod=    0.00000000     rocalc=    2.71987489E-07
tau,T,Pe,Pg,ro,P6  40  1.193E-01   2777.4  6.272E-02  3.165E+04  2.720E-07  2.671E+04
 MARCS model. romod=    0.00000000     rocalc=    3.07142528E-07
tau,T,Pe,Pg,ro,P6  41  1.718E-01   2824.2  7.896E-02  3.684E+04  3.071E-07  3.125E+04
 MARCS model. romod=    0.00000000     rocalc=    3.46874174E-07
tau,T,Pe,Pg,ro,P6  42  2.462E-01   2870.8  9.874E-02  4.287E+04  3.469E-07  3.654E+04
 MARCS model. romod=    0.00000000     rocalc=    3.91772801E-07
tau,T,Pe,Pg,ro,P6  43  3.508E-01   2917.1  1.227E-01  4.985E+04  3.918E-07  4.268E+04
 MARCS model. romod=    0.00000000     rocalc=    4.42695949E-07
tau,T,Pe,Pg,ro,P6  44  4.972E-01   2963.0  1.517E-01  5.796E+04  4.427E-07  4.984E+04
 MARCS model. romod=    0.00000000     rocalc=    5.00533190E-07
tau,T,Pe,Pg,ro,P6  45  7.003E-01   3008.5  1.867E-01  6.736E+04  5.005E-07  5.816E+04
 MARCS model. romod=    0.00000000     rocalc=    5.66403344E-07
tau,T,Pe,Pg,ro,P6  46  9.811E-01   3053.6  2.288E-01  7.827E+04  5.664E-07  6.784E+04
 MARCS model. romod=    0.00000000     rocalc=    6.41250892E-07
tau,T,Pe,Pg,ro,P6  47  1.367E+00   3098.5  2.795E-01  9.092E+04  6.413E-07  7.908E+04
 MARCS model. romod=    0.00000000     rocalc=    7.26534381E-07
tau,T,Pe,Pg,ro,P6  48  1.895E+00   3143.2  3.405E-01  1.056E+05  7.265E-07  9.217E+04
 MARCS model. romod=    0.00000000     rocalc=    8.23513176E-07
tau,T,Pe,Pg,ro,P6  49  2.613E+00   3187.9  4.139E-01  1.226E+05  8.235E-07  1.074E+05
 MARCS model. romod=    0.00000000     rocalc=    9.33236834E-07
tau,T,Pe,Pg,ro,P6  50  3.588E+00   3232.8  5.022E-01  1.423E+05  9.332E-07  1.250E+05
 MARCS model. romod=    0.00000000     rocalc=    1.05761217E-06
tau,T,Pe,Pg,ro,P6  51  4.905E+00   3277.9  6.082E-01  1.650E+05  1.058E-06  1.453E+05
 MARCS model. romod=    0.00000000     rocalc=    1.35672519E-06
tau,T,Pe,Pg,ro,P6  52  9.024E+00   3368.9  8.879E-01  2.214E+05  1.357E-06  1.960E+05
 MARCS model. romod=    0.00000000     rocalc=    1.73457317E-06
tau,T,Pe,Pg,ro,P6  53  1.632E+01   3461.3  1.288E+00  2.957E+05  1.735E-06  2.631E+05
 MARCS model. romod=    0.00000000     rocalc=    2.20468110E-06
tau,T,Pe,Pg,ro,P6  54  2.897E+01   3555.1  1.855E+00  3.921E+05  2.205E-06  3.504E+05
 MARCS model. romod=    0.00000000     rocalc=    2.78210541E-06
tau,T,Pe,Pg,ro,P6  55  5.038E+01   3650.0  2.652E+00  5.155E+05  2.782E-06  4.626E+05
 MARCS model. romod=    0.00000000     rocalc=    3.47977812E-06
tau,T,Pe,Pg,ro,P6  56  8.582E+01   3745.8  3.761E+00  6.710E+05  3.480E-06  6.045E+05
  CONTROLE: k, R, tau, log10tau, T
           1   578899968.       4.09543372E-06  -5.38770008       1326.80005    
           2   557500032.       6.29651049E-06  -5.20090008       1358.50000    
           3   538200000.       9.22571780E-06  -5.03499985       1392.30005    
           4   520000000.       1.31401366E-05  -4.88140011       1426.69995    
           5   502100000.       1.84162054E-05  -4.73479986       1461.80005    
           6   484300000.       2.55740906E-05  -4.59219980       1497.69995    
           7   466400000.       3.53427058E-05  -4.45170021       1534.40002    
           8   448200000.       4.87191610E-05  -4.31230021       1572.09998    
           9   429500000.       6.71429079E-05  -4.17299986       1610.80005    
          10   410300000.       9.25762943E-05  -4.03350019       1650.80005    
          11   390600000.       1.27849766E-04  -3.89330006       1692.19995    
          12   380800000.       1.50244989E-04  -3.82319999       1713.59998    
          13   370800000.       1.76685135E-04  -3.75279999       1735.50000    
          14   360600000.       2.07921767E-04  -3.68210006       1757.90002    
          15   350200000.       2.44906289E-04  -3.61100006       1781.09998    
          16   339700000.       2.88735377E-04  -3.53950000       1805.00000    
          17   329100000.       3.40643426E-04  -3.46770000       1829.69995    
          18   318200000.       4.02253703E-04  -3.39549994       1855.30005    
          19   307200000.       4.75554261E-04  -3.32279992       1882.09998    
          20   295900000.       5.62859583E-04  -3.24959993       1910.00000    
          21   284500000.       6.67267595E-04  -3.17569995       1939.50000    
          22   272900000.       7.92318955E-04  -3.10109997       1970.69995    
          23   261100000.       9.43191932E-04  -3.02539992       2004.40002    
          24   249100000.       1.12615968E-03  -2.94840002       2044.90002    
          25   237000000.       1.34989514E-03  -2.86969995       2088.60010    
          26   224600000.       1.62967131E-03  -2.78789997       2132.39990    
          27   212000000.       1.98655226E-03  -2.70190001       2176.69995    
          28   199100000.       2.45414348E-03  -2.61010003       2221.30005    
          29   185800000.       3.08247772E-03  -2.51110005       2266.39990    
          30   172200000.       3.95002682E-03  -2.40339994       2311.80005    
          31   158200000.       5.17606828E-03  -2.28600001       2357.69995    
          32   143900000.       6.94224657E-03  -2.15849996       2403.80005    
          33   129200000.       9.52138100E-03  -2.02130008       2450.10010    
          34   114200000.       1.33137377E-02  -1.87570000       2496.60010    
          35   98800000.0       1.89147256E-02  -1.72319996       2543.19995    
          36   83110000.0       2.71643940E-02  -1.56599998       2590.00000    
          37   67120000.0       3.92735340E-02  -1.40590000       2636.80005    
          38   50830000.0       5.69377020E-02  -1.24460006       2683.60010    
          39   34220000.0       8.25277492E-02  -1.08340001       2730.50000    
          40   17290000.0      0.119316354     -0.923300028       2777.39990    
          41   1.00000000      0.171830386     -0.764900029       2824.19995    
          42  -17660000.0      0.246206790     -0.608699977       2870.80005    
          43  -35730000.0      0.350832641     -0.454899997       2917.10010    
          44  -54230000.0      0.497164369     -0.303499997       2963.00000    
          45  -73190000.0      0.700325608     -0.154699996       3008.50000    
          46  -92630000.0      0.981069982      -8.30001198E-03   3053.60010    
          47  -112600000.       1.36678433      0.135699987       3098.50000    
          48  -133000000.       1.89452350      0.277500004       3143.19995    
          49  -153900000.       2.61336446      0.417199969       3187.89990    
          50  -175200000.       3.58839297      0.554899991       3232.80005    
          51  -197100000.       4.90455914      0.690599978       3277.89990    
          52  -243000000.       9.02401924      0.955399990       3368.89990    
          53  -290400000.       16.3192425       1.21270001       3461.30005    
          54  -339000000.       28.9667645       1.46190000       3555.10010    
          55  -388300000.       50.3848495       1.70229995       3650.00000    
          56  -437900000.       85.8222580       1.93359995       3745.80005    

 **************************************************
 * BSYN version 20.1                              *
 * Warning, now Flux is so that F=sigma.Teff^4 !  *
 * consistent with MARCS.                         *
 * Versions 10.1 and lower give f=sigma.Teff^4/pi *
 **************************************************

 NLTE :.false.
 NLTEINFOFILE:DATA/SPECIES_LTE_NLTE.dat
 LAMBDA_MIN:4000
 LAMBDA_MAX:8000
 LAMBDA_STEP:0.1
 INTENSITY/FLUX:Flux
 MODELOPAC:/Users/mjablons/Documents/Turbospectrum_NLTE/COM/contopac/p2500_g+3.0_m0.0_t01_st_z+0.00_a+0.00_c+0.00_n+0.00_o+0.00_r+0.00_s+0.00opac
 RESULTFILE :config_test_feh/p2500_g+3.0_m0.0_t01_st_z+0.00_a+0.00_c+0.00_n+0.00_o+0.00_r+0.00_s+0.00.spec
 ABUND_SOURCE:magg
 METALLICITY:0.0
 ALPHA/Fe   :0.00
 HELIUM     :0.00
 R-PROCESS  :0.00
 S-PROCESS  :0.00
 INDIVIDUAL ABUNDANCES:0
 ISOTOPES :0
 LIST_OF_LINELISTS:/Users/mjablons/Documents/Turbospectrum_NLTE/tmp/linelists.txt
 SPHERICAL:F
 Following atomic species included in molecular equilibrium:
 H  He Li Be B  C  N  O  F  Ne 
 Na Mg Al Si P  S  Cl Ar K  Ca 
 Sc Ti V  Cr Mn Fe Co Ni Cu Zn 
 Ga Ge As Se Br Kr Rb Sr Y  Zr 
 Nb Mo Tc Ru Rh Pd Ag Cd In Sn 
 Sb Te I  Xe Cs Ba La Ce Pr Nd 
 Pm Sm Eu Gd Tb Dy Ho Er Tm Yb 
 Lu Hf Ta W  Re Os Ir Pt Au Hg 
 Tl Pb Bi Po At Rn Fr Ra Ac Th 
 Pa U                          
 hydrovelo, computeIplus : F F
 T  DATA/LISTE_molecules_all_v19.1.dat 
           3  line lists:
 /Users/mjablons/Documents/Turbospectrum_NLTE/input_files/linelists/molecules-420-920nm/FeH_GESv5.bsyn 
 /Users/mjablons/Documents/Turbospectrum_NLTE/input_files/linelists/molecules-420-920nm/12C12C_GESv5.bsyn 
 /Users/mjablons/Documents/Turbospectrum_NLTE/input_files/linelists/molecules-420-920nm/CaH_GESv5.bsyn 
 F          30   300.000000              15   1.00000000    
 dummy-output.dat 
  
 /Users/mjablons/Documents/Turbospectrum_NLTE/COM/contopac/p2500_g+3.0_m0.0_t01_st_z+0.00_a+0.00_c+0.00_n+0.00_o+0.00_r+0.00_s+0.00opac 
 config_test_feh/p2500_g+3.0_m0.0_t01_st_z+0.00_a+0.00_c+0.00_n+0.00_o+0.00_r+0.00_s+0.00.spec 
    Full molecular equilibrium, using:
       
      DATA/LISTE_molecules_all_v19.1.dat 
  
  Transfer treated in the plane parallel approximation
  
 Abundance is scaled from Magg et al. 2022
 metallicity changed by    0.00000000      dex
 old abundh:  0.735058844    
 MODEL IDENTIFICATION=MRXF; MAIN PROGRAMME BSYN
 Bsyn; k, pgmod, pg_calc, romod, ro_calc
 ELEMENT  ATOMIC NUMBER   LOG(ABUNDANCE)
     H             1       12.000
     He            2       10.930
     Li            3        1.050
     Be            4        1.380
     B             5        2.700
     C             6        8.560
     N             7        7.980
     O             8        8.770
     F             9        4.670
     Ne           10        8.150
     Na           11        6.330
     Mg           12        7.580
     Al           13        6.480
     Si           14        7.567
     P            15        5.480
     S            16        7.210
     Cl           17        5.290
     Ar           18        6.500
     K            19        5.120
     Ca           20        6.320
     Sc           21        3.090
     Ti           22        4.960
     V            23        4.010
     Cr           24        5.690
     Mn           25        5.530
     Fe           26        7.510
     Co           27        4.920
     Ni           28        6.250
     Cu           29        4.210
     Zn           30        4.600
     Ga           31        2.880
     Ge           32        3.580
     As           33        2.290
     Se           34        3.330
     Br           35        2.560
     Kr           36        3.250
     Rb           37        2.600
     Sr           38        2.920
     Y            39        2.210
     Zr           40        2.580
     Nb           41        1.420
     Mo           42        1.920
     Ru           44        1.840
     Rh           45        1.120
     Pd           46        1.660
     Ag           47        0.940
     Cd           48        1.770
     In           49        1.600
     Sn           50        2.000
     Sb           51        1.000
     Te           52        2.190
     I            53        1.510
     Xe           54        2.240
     Cs           55        1.070
     Ba           56        2.170
     La           57        1.130
     Ce           58        1.700
     Pr           59        0.580
     Nd           60        1.450
     Sm           62        1.000
     Eu           63        0.520
     Gd           64        1.110
     Tb           65        0.280
     Dy           66        1.140
     Ho           67        0.510
     Er           68        0.930
     Tm           69        0.000
     Yb           70        1.080
     Lu           71        0.060
     Hf           72        0.880
     Ta           73       -0.170
     W            74        1.110
     Re           75        0.230
     Os           76        1.250
     Ir           77        1.380
     Pt           78        1.640
     Au           79        1.010
     Hg           80        1.130
     Tl           81        0.900
     Pb           82        2.000
     Bi           83        0.650
     Th           90        0.060
     U            92       -0.520
 MOLECPARTF. suppressing:         206  LaH                 (unknown D00)
 MOLECPARTF. suppressing:         209  LuH                 (unknown D00)
 MOLECPARTF. suppressing:         212  NbN                 (unknown D00)
 MOLECPARTF. suppressing:         231  SbH                 (unknown D00)
 MOLECPARTF. suppressing:         252  TeCl                (unknown D00)
 MOLECPARTF. suppressing:         267  Al+ H               (unknown D00)
 MOLECPARTF. suppressing:         267  As+ O               (unknown D00)
 MOLECPARTF. suppressing:         269  B + O               (unknown D00)
 H- electron affinity will be changed by -2dxi
  data may be added in IRWIN_molecule file
  to update older data from Tsuji
 using Tsuji's old data for C C C H             
 using Tsuji's old data for C C N               
 using Tsuji's old data for B B O               
 using Tsuji's old data for C -                 
 using Tsuji's old data for C H -               
 using Tsuji's old data for N O O -             
 using Tsuji's old data for N H H -             
 using Tsuji's old data for N N H H             
 using Tsuji's old data for N N H H H H         
 using Tsuji's old data for C N N               
 using Tsuji's old data for N C N               
 using Tsuji's old data for C C C C N N         
 using Tsuji's old data for N O O               
 using Tsuji's old data for N O O O             
 using Tsuji's old data for N N O               
 using Tsuji's old data for N N O O O O         
 using Tsuji's old data for H N O               
 using Tsuji's old data for H N O O             
 using Tsuji's old data for H N O O O           
 using Tsuji's old data for H C N O             
 using Tsuji's old data for O -                 
 using Tsuji's old data for O O -               
 using Tsuji's old data for H C H O             
 using Tsuji's old data for AlO O               
 using Tsuji's old data for Si-                 
 using Tsuji's old data for SiH H               
 using Tsuji's old data for SiH H H             
 using Tsuji's old data for SiSiC C             
 using Tsuji's old data for SiF F               
 using Tsuji's old data for SiClCl              
 using Tsuji's old data for P F F               
 using Tsuji's old data for S S O               
 using Tsuji's old data for S O O O             
 using Tsuji's old data for C ClCl              
 using Tsuji's old data for C ClClCl            
 using Tsuji's old data for C ClClClCl          
 using Tsuji's old data for ClO O               
 using Tsuji's old data for ClClO               
 using Tsuji's old data for S Cl                
 using Tsuji's old data for S ClCl              
 using Tsuji's old data for H ClO               
 using Tsuji's old data for C ClO               
 using Tsuji's old data for ScSc                
 using Tsuji's old data for ScN                 
 using Tsuji's old data for ScO O               
 using Tsuji's old data for ScScO               
 using Tsuji's old data for TiC C               
 using Tsuji's old data for TiF                 
 using Tsuji's old data for TiCl                
 using Tsuji's old data for V C C               
 using Tsuji's old data for V N                 
 using Tsuji's old data for V F F               
 using Tsuji's old data for V ClCl              
 using Tsuji's old data for CrN                 
 using Tsuji's old data for CrF                 
 using Tsuji's old data for CrF F               
 using Tsuji's old data for CrCl                
 using Tsuji's old data for CrClCl              
 using Tsuji's old data for MnO O               
 using Tsuji's old data for MnS S               
 using Tsuji's old data for MnF F               
 using Tsuji's old data for MnClCl              
 using Tsuji's old data for FeS                 
 using Tsuji's old data for FeF F               
 using Tsuji's old data for SrSrO               
 using Tsuji's old data for Y C C               
 using Tsuji's old data for Y C C C C           
 using Tsuji's old data for Y O O               
 using Tsuji's old data for Y Y O               
 using Tsuji's old data for Y F F               
 using Tsuji's old data for ZrH                 
 using Tsuji's old data for ZrC C               
 using Tsuji's old data for ZrS                 
 using Tsuji's old data for ZrF                 
 using Tsuji's old data for ZrCl                
 using Tsuji's old data for BaBaO               
 using Tsuji's old data for LaC C               
 using Tsuji's old data for LaN                 
 using Tsuji's old data for LaO O               
 using Tsuji's old data for LaLaO               
 using Tsuji's old data for LaLaO O             
 using Tsuji's old data for LaF F               
 using Tsuji's old data for CeC C               
 using Tsuji's old data for CeO O               
 using Tsuji's old data for CeS                 
 using Tsuji's old data for CeF                 
 using Tsuji's old data for NdC C               
 using Tsuji's old data for NdO                 
 using Tsuji's old data for NdO O               
 using Tsuji's old data for NdF                 
 using Tsuji's old data for NdF F               
 using Tsuji's old data for N N N H             
 using Tsuji's old data for C C H H H H H H     
 using Tsuji's old data for H C C C N           
 using Tsuji's old data for C C C C C H         
 using Tsuji's old data for C C H H H           
 using Tsuji's old data for C C C C H H H       
 using Tsuji's old data for C C C C H H H H     
 using Tsuji's old data for C C C C H           
 using Tsuji's old data for C C C C H H         
 using Tsuji's old data for C C C H H H         
 using Tsuji's old data for C C C H H           
 using Tsuji's old data for C C C C N           
 using Tsuji's old data for C H H H C N         
 using Tsuji's old data for C C C H H H H       
 using Tsuji's old data for C C C N             
 Atomic partition function data read
 eqmol_pe calculated            1  iterations
          56   670981.750       671996.250       3.47977812E-06   3.48562230E-06
 eqmol_pe calculated            1  iterations
          55   515496.719       516160.500       2.78210541E-06   2.78608536E-06
 eqmol_pe calculated            1  iterations
          54   392075.062       392509.094       2.20468110E-06   2.20739275E-06
 eqmol_pe calculated            1  iterations
          53   295687.531       295971.750       1.73457317E-06   1.73642309E-06
 eqmol_pe calculated            1  iterations
          52   221425.750       221612.172       1.35672519E-06   1.35799189E-06
 eqmol_pe calculated            1  iterations
          51   165023.625       165146.250       1.05761217E-06   1.05848233E-06
 eqmol_pe calculated            1  iterations
          50   142285.984       142385.594       9.33236834E-07   9.33958916E-07
 eqmol_pe calculated            1  iterations
          49   122620.602       122701.617       8.23513176E-07   8.24113727E-07
 eqmol_pe calculated            1  iterations
          48   105599.180       105665.164       7.26534381E-07   7.27034490E-07
 eqmol_pe calculated            1  iterations
          47   90916.8672       90970.7266       6.41250892E-07   6.41668692E-07
 eqmol_pe calculated            1  iterations
          46   78267.2500       78311.3594       5.66403344E-07   5.66753670E-07
 eqmol_pe calculated            1  iterations
          45   67355.4375       67391.6719       5.00533190E-07   5.00827866E-07
 eqmol_pe calculated            1  iterations
          44   57957.3633       57987.2422       4.42695949E-07   4.42945009E-07
 eqmol_pe calculated            1  iterations
          43   49854.8320       49879.5625       3.91772801E-07   3.91984116E-07
 eqmol_pe calculated            1  iterations
          42   42869.7344       42890.2695       3.46874174E-07   3.47054282E-07
 eqmol_pe calculated            1  iterations
          41   36841.7891       36858.8672       3.07142528E-07   3.07296261E-07
 eqmol_pe calculated            1  iterations
          40   31648.7910       31663.0000       2.71987489E-07   2.72118740E-07
 eqmol_pe calculated            1  iterations
          39   27173.5586       27185.3555       2.40803587E-07   2.40915455E-07
 eqmol_pe calculated            1  iterations
          38   23319.3672       23329.1191       2.13114404E-07   2.13209319E-07
 eqmol_pe calculated            1  iterations
          37   19991.5801       19999.5840       1.88403476E-07   1.88483412E-07
 eqmol_pe calculated            1  iterations
          36   17135.3008       17141.8203       1.66521133E-07   1.66587938E-07
 eqmol_pe calculated            1  iterations
          35   14685.9531       14691.2129       1.47153756E-07   1.47209064E-07
 eqmol_pe calculated            1  iterations
          34   12582.4287       12586.6230       1.29948717E-07   1.29993978E-07
 eqmol_pe calculated            1  iterations
          33   10783.1670       10786.4746       1.14752098E-07   1.14788705E-07
 eqmol_pe calculated            1  iterations
          32   9250.42773       9253.00684       1.01392523E-07   1.01421762E-07
 eqmol_pe calculated            1  iterations
          31   7944.35107       7946.33838       8.96472585E-08   8.96703440E-08
 eqmol_pe calculated            1  iterations
          30   6839.86133       6841.37695       7.94271031E-08   7.94451935E-08
 eqmol_pe calculated            1  iterations
          29   5892.22510       5893.36865       7.03608336E-08   7.03748029E-08
 eqmol_pe calculated            1  iterations
          28   5088.26953       5089.12598       6.24489047E-08   6.24596339E-08
 eqmol_pe calculated            1  iterations
          27   4402.64111       4403.28076       5.54995339E-08   5.55077477E-08
 eqmol_pe calculated            1  iterations
          26   3811.34424       3811.82251       4.93239085E-08   4.93301897E-08
 eqmol_pe calculated            1  iterations
          25   3296.62646       3296.98682       4.37719940E-08   4.37768364E-08
 eqmol_pe calculated            1  iterations
          24   2847.75366       2848.02905       3.87844139E-08   3.87882082E-08
 eqmol_pe calculated            1  iterations
          23   2449.37378       2449.58813       3.41449642E-08   3.41479769E-08
 eqmol_pe calculated            1  iterations
          22   2095.84375       2096.01270       2.97819582E-08   2.97843705E-08
 eqmol_pe calculated            1  iterations
          21   1790.59863       1790.73230       2.58995509E-08   2.59014961E-08
 eqmol_pe calculated            1  iterations
          20   1529.13623       1529.24255       2.24925660E-08   2.24941381E-08
 eqmol_pe calculated            1  iterations
          19   1303.13831       1303.22278       1.94764240E-08   1.94776959E-08
 eqmol_pe calculated            1  iterations
          18   1111.40918       1111.47656       1.68688121E-08   1.68698389E-08
 eqmol_pe calculated            1  iterations
          17   946.219727       946.273132       1.45757362E-08   1.45765613E-08
 eqmol_pe calculated            1  iterations
          16   805.739136       805.781372       1.25915518E-08   1.25922126E-08
 eqmol_pe calculated            1  iterations
          15   686.339233       686.372620       1.08771196E-08   1.08776508E-08
 eqmol_pe calculated            1  iterations
          14   584.968018       584.994324       9.39869427E-09   9.39911704E-09
 eqmol_pe calculated            1  iterations
          13   497.749115       497.769745       8.10487144E-09   8.10520628E-09
 eqmol_pe calculated            1  iterations
          12   424.213135       424.229340       6.99910219E-09   6.99936953E-09
 eqmol_pe calculated            1  iterations
          11   361.856293       361.868958       6.04835337E-09   6.04856565E-09
 eqmol_pe calculated            1  iterations
          10   262.626495       262.634155       4.50304993E-09   4.50318138E-09
 eqmol_pe calculated            1  iterations
           9   191.159119       191.163712       3.36098149E-09   3.36106187E-09
 eqmol_pe calculated            1  iterations
           8   139.045273       139.048004       2.50603938E-09   2.50608845E-09
 eqmol_pe calculated            1  iterations
           7   101.202911       101.204514       1.86950122E-09   1.86953097E-09
 eqmol_pe calculated            1  iterations
           6   73.3525925       73.3535156       1.38863232E-09   1.38864964E-09
 eqmol_pe calculated            1  iterations
           5   52.9264069       52.9269371       1.02678510E-09   1.02679532E-09
 eqmol_pe calculated            1  iterations
           4   37.8257103       37.8260040       7.52013174E-10   7.52018947E-10
 eqmol_pe calculated            1  iterations
           3   26.6490479       26.6492081       5.42972722E-10   5.42975942E-10
 eqmol_pe calculated            1  iterations
           2   18.2330227       18.2331047       3.80777687E-10   3.80779436E-10
 eqmol_pe calculated            1  iterations
           1   11.9012775       11.9013186       2.54501309E-10   2.54502142E-10
 new abundh:  0.734972179    
  starting scan of linelist
 0126.000000               
 getlele FeH                 
 after getlele:          126 FeH                 
 Mass used for lines of          126 FeH                  is    56.8546715    
species: 0126.000000       FeH                  iel:      126 ion:  1 isotopes:   0  0
 nlines         3926
 /b1/plez/FeH/linelist/FeH_scaledLanghoff.list                                                                                                                                                                                                                   
         728  considered for element          126           1
           0  lines rejected because of negative c6
  starting scan of linelist
 0606.012012               
 getlele C C                 
 after getlele:          606 C C                 
 Mass used for lines of          606 C C                  is    24.0000000    
species: 0606.012012       C C                  iel:      606 ion:  1 isotopes:  12 12
 nlines        96213
 Sneden web                                                                                                                                                                                                                                                      
       30000  lines done
       60000  lines done
       87519  considered for element          606           1
           0  lines rejected because of negative c6
  starting scan of linelist
 0120.000000               
 getlele CaH                 
 after getlele:          120 CaH                 
 Mass used for lines of          120 CaH                  is    41.0858841    
species: 0120.000000       CaH                  iel:      120 ion:  1 isotopes:   0  0
 nlines        29636
 /b1/plez/CaH/linelist/linelist_CaH_B-X.dat                                                                                                                                                                                                                      
       25285  considered for element          120           1
           0  lines rejected because of negative c6
    16243 LINES WERE REJECTED, ONLY LINES BETWEEN  3998.000 AND  8002.000 A CONSIDERED
  CENTRAL WAVELENGTH=  6000.000 A
 now solve
      113532  lines in the interval
 FLUX SPECTRUM BETWEEN  4000.000 A AND   8000.000 A WITH STEP 0.100 A
Starting synthesis for p2500_g+3.0_m0.0_t01_st_z+0.00_a+0.00_c+0.00_n+0.00_o+0.00_r+0.00_s+0.00

--- BABSMA INPUT ---
'LAMBDA_MIN:'  '4000'
'LAMBDA_MAX:'  '8000'
'LAMBDA_STEP:' '0.1'
'MODELINPUT:' '/Users/mjablons/Documents/Turbospectrum_NLTE/input_files/model_atmospheres/1D/marcs_standard_comp/marcs_standard_comp/p2500_g+3.0_m0.0_t01_st_z+0.00_a+0.00_c+0.00_n+0.00_o+0.00_r+0.00_s+0.00.mod'
'MARCS-FILE:' '.true.'
'MODELOPAC:' '/Users/mjablons/Documents/Turbospectrum_NLTE/COM/contopac/p2500_g+3.0_m0.0_t01_st_z+0.00_a+0.00_c+0.00_n+0.00_o+0.00_r+0.00_s+0.00opac'
'ABUND_SOURCE:' 'magg'
'METALLICITY:'    '0.0'
'ALPHA/Fe   :'    '0.00'
'HELIUM     :'    '0.00'
'R-PROCESS  :'    '0.00'
'S-PROCESS  :'    '0.00'
'INDIVIDUAL ABUNDANCES:'   '0'
'XIFIX:' 'T'
1.0

--------------------

--- BSYN INPUT (Flux) ---
'NLTE :'          '.false.'
'NLTEINFOFILE:'  'DATA/SPECIES_LTE_NLTE.dat'
'LAMBDA_MIN:'     '4000'
'LAMBDA_MAX:'     '8000'
'LAMBDA_STEP:'    '0.1'
'INTENSITY/FLUX:' 'Flux'
'MODELOPAC:' '/Users/mjablons/Documents/Turbospectrum_NLTE/COM/contopac/p2500_g+3.0_m0.0_t01_st_z+0.00_a+0.00_c+0.00_n+0.00_o+0.00_r+0.00_s+0.00opac'
'RESULTFILE :' 'config_test_feh/p2500_g+3.0_m0.0_t01_st_z+0.00_a+0.00_c+0.00_n+0.00_o+0.00_r+0.00_s+0.00.spec'
'ABUND_SOURCE:'   'magg'
'METALLICITY:'    '0.0'
'ALPHA/Fe   :'    '0.00'
'HELIUM     :'    '0.00'
'R-PROCESS  :'    '0.00'
'S-PROCESS  :'    '0.00'
'INDIVIDUAL ABUNDANCES:'   '0'
'ISOTOPES : ' '0'
'LIST_OF_LINELISTS:' '/Users/mjablons/Documents/Turbospectrum_NLTE/tmp/linelists.txt'
'SPHERICAL:'  'F'
  30
  300.00
  15
  1.00

------------------
